<?xml version="1.0" encoding="UTF-8"?>
<!-- Generated by org.testng.reporters.JUnitXMLReporter -->
<testsuite ignored="0" hostname="DESKTOP-246GKS6" failures="0" tests="20" name="Test" time="0.641" errors="0" timestamp="2023-01-04T02:49:20 PST">
  <testcase classname="TestNG.InvocationCount" name="demoTest" time="0.023"/>
  <testcase classname="TestNG.InvocationCount" name="demoTest" time="0.007"/>
  <testcase classname="TestNG.InvocationCount" name="demoTest" time="0.012"/>
  <testcase classname="TestNG.InvocationCount" name="demoTest" time="0.016"/>
  <testcase classname="TestNG.InvocationCount" name="demoTest" time="0.008"/>
  <testcase classname="TestNG.Test2" name="Ademo1" time="0.009"/>
  <testcase classname="TestNG.Test2" name="Bdemo3" time="0.004"/>
  <testcase classname="TestNG.Test2" name="ademo2" time="0.009"/>
  <testcase classname="TestNG.Test1" name="ademo2" time="0.005"/>
  <testcase classname="TestNG.Test1" name="bdemo1" time="0.013"/>
  <testcase classname="TestNG.Test1" name="cdemo3" time="0.003"/>
  <testcase classname="TestNG.DependOnMethods" name="login" time="0.007"/>
  <testcase classname="TestNG.DependOnMethods" name="search" time="0.023"/>
  <testcase classname="TestNG.DependOnMethods" name="select" time="0.016"/>
  <testcase classname="TestNG.DependOnMethods" name="addToCard" time="0.007"/>
  <testcase classname="TestNG.DependOnMethods" name="payment" time="0.006"/>
  <testcase classname="TestNG.DependOnMethods" name="logout" time="0.008"/>
  <testcase classname="TestNG.DataProvider" name="test" time="0.007"/>
  <testcase classname="TestNG.DataProvider" name="test" time="0.012"/>
  <testcase classname="TestNG.DataProvider" name="test" time="0.004"/>
</testsuite> <!-- Test -->
