<?xml version="1.0" encoding="UTF-8"?>
<!-- Generated by org.testng.reporters.JUnitXMLReporter -->
<testsuite ignored="0" hostname="DESKTOP-246GKS6" failures="0" tests="3" name="Default test" time="0.355" errors="0" timestamp="2023-01-04T02:46:10 PST">
  <testcase classname="TestNG.DataProvider" name="test" time="0.017"/>
  <testcase classname="TestNG.DataProvider" name="test" time="0.006"/>
  <testcase classname="TestNG.DataProvider" name="test" time="0.01"/>
</testsuite> <!-- Default test -->
